2017/03/05 09:20:59 [error] [php] Use of undefined constant BASE_URL - assumed 'BASE_URL' (D:\php\project\itmanage\webroot\manage\protected\components\Controller.php:20)
Stack trace:
#0 D:\php\project\itmanage\webroot\framework\base\CApplication.php(185): CWebApplication->processRequest()
#1 D:\php\project\itmanage\webroot\manage\index.php(13): CWebApplication->run()
REQUEST_URI=/index.php
in D:\php\project\itmanage\webroot\manage\protected\components\Controller.php (20)
in D:\php\project\itmanage\webroot\manage\index.php (13)
2017/03/05 09:25:04 [error] [php] Trying to get property of non-object (D:\php\project\itmanage\webroot\manage\protected\components\Controller.php:31)
Stack trace:
#0 D:\php\project\itmanage\webroot\framework\web\CWebApplication.php(141): CWebApplication->runController()
#1 D:\php\project\itmanage\webroot\framework\base\CApplication.php(185): CWebApplication->processRequest()
#2 D:\php\project\itmanage\webroot\manage\index.php(13): CWebApplication->run()
REQUEST_URI=/index.php
in D:\php\project\itmanage\webroot\manage\protected\components\Controller.php (31)
in D:\php\project\itmanage\webroot\manage\index.php (13)
2017/03/05 09:28:26 [error] [php] Trying to get property of non-object (D:\php\project\itmanage\webroot\manage\protected\components\Controller.php:31)
Stack trace:
#0 D:\php\project\itmanage\webroot\framework\web\CWebApplication.php(141): CWebApplication->runController()
#1 D:\php\project\itmanage\webroot\framework\base\CApplication.php(185): CWebApplication->processRequest()
#2 D:\php\project\itmanage\webroot\manage\index.php(13): CWebApplication->run()
REQUEST_URI=/index.php
in D:\php\project\itmanage\webroot\manage\protected\components\Controller.php (31)
in D:\php\project\itmanage\webroot\manage\index.php (13)
2017/03/05 09:40:26 [error] [php] Trying to get property of non-object (D:\php\project\itmanage\webroot\manage\protected\components\Controller.php:31)
Stack trace:
#0 D:\php\project\itmanage\webroot\framework\web\CWebApplication.php(141): CWebApplication->runController()
#1 D:\php\project\itmanage\webroot\framework\base\CApplication.php(185): CWebApplication->processRequest()
#2 D:\php\project\itmanage\webroot\manage\index.php(13): CWebApplication->run()
REQUEST_URI=/?r=index/demo
in D:\php\project\itmanage\webroot\manage\protected\components\Controller.php (31)
in D:\php\project\itmanage\webroot\manage\index.php (13)
2017/03/05 09:46:29 [error] [exception.CException] CException: Property "SiteController._module" is not defined. in D:\php\project\itmanage\webroot\framework\base\CComponent.php:130
Stack trace:
#0 D:\php\project\itmanage\webroot\manage\protected\components\Controller.php(31): CComponent->__get('_module')
#1 D:\php\project\itmanage\webroot\framework\web\CController.php(259): Controller->createAction('')
#2 D:\php\project\itmanage\webroot\framework\web\CWebApplication.php(282): CController->run('')
#3 D:\php\project\itmanage\webroot\framework\web\CWebApplication.php(141): CWebApplication->runController('')
#4 D:\php\project\itmanage\webroot\framework\base\CApplication.php(185): CWebApplication->processRequest()
#5 D:\php\project\itmanage\webroot\manage\index.php(13): CApplication->run()
#6 {main}
REQUEST_URI=/?r=index/demo
---
2017/03/05 09:46:42 [error] [php] Trying to get property of non-object (D:\php\project\itmanage\webroot\manage\protected\components\Controller.php:31)
Stack trace:
#0 D:\php\project\itmanage\webroot\framework\web\CWebApplication.php(141): CWebApplication->runController()
#1 D:\php\project\itmanage\webroot\framework\base\CApplication.php(185): CWebApplication->processRequest()
#2 D:\php\project\itmanage\webroot\manage\index.php(13): CWebApplication->run()
REQUEST_URI=/?r=index/demo
in D:\php\project\itmanage\webroot\manage\protected\components\Controller.php (31)
in D:\php\project\itmanage\webroot\manage\index.php (13)
2017/03/05 09:51:36 [error] [php] Trying to get property of non-object (D:\php\project\itmanage\webroot\manage\protected\components\Controller.php:31)
Stack trace:
#0 D:\php\project\itmanage\webroot\framework\web\CWebApplication.php(141): CWebApplication->runController()
#1 D:\php\project\itmanage\webroot\framework\base\CApplication.php(185): CWebApplication->processRequest()
#2 D:\php\project\itmanage\webroot\manage\index.php(13): CWebApplication->run()
REQUEST_URI=/?r=index/demo
in D:\php\project\itmanage\webroot\manage\protected\components\Controller.php (31)
in D:\php\project\itmanage\webroot\manage\index.php (13)
2017/03/05 09:57:32 [error] [php] Trying to get property of non-object (D:\php\project\itmanage\webroot\manage\protected\components\Controller.php:31)
Stack trace:
#0 D:\php\project\itmanage\webroot\framework\web\CWebApplication.php(141): CWebApplication->runController()
#1 D:\php\project\itmanage\webroot\framework\base\CApplication.php(185): CWebApplication->processRequest()
#2 D:\php\project\itmanage\webroot\manage\index.php(13): CWebApplication->run()
REQUEST_URI=/?r=index/demo
in D:\php\project\itmanage\webroot\manage\protected\components\Controller.php (31)
in D:\php\project\itmanage\webroot\manage\index.php (13)
2017/03/05 10:01:02 [error] [php] Trying to get property of non-object (D:\php\project\itmanage\webroot\manage\protected\components\Controller.php:31)
Stack trace:
#0 D:\php\project\itmanage\webroot\framework\web\CWebApplication.php(141): CWebApplication->runController()
#1 D:\php\project\itmanage\webroot\framework\base\CApplication.php(185): CWebApplication->processRequest()
#2 D:\php\project\itmanage\webroot\manage\index.php(13): CWebApplication->run()
REQUEST_URI=/
in D:\php\project\itmanage\webroot\manage\protected\components\Controller.php (31)
in D:\php\project\itmanage\webroot\manage\index.php (13)
2017/03/05 10:03:25 [error] [php] Trying to get property of non-object (D:\php\project\itmanage\webroot\manage\protected\components\Controller.php:31)
Stack trace:
#0 D:\php\project\itmanage\webroot\framework\web\CWebApplication.php(141): CWebApplication->runController()
#1 D:\php\project\itmanage\webroot\framework\base\CApplication.php(185): CWebApplication->processRequest()
#2 D:\php\project\itmanage\webroot\manage\index.php(13): CWebApplication->run()
REQUEST_URI=/
in D:\php\project\itmanage\webroot\manage\protected\components\Controller.php (31)
in D:\php\project\itmanage\webroot\manage\index.php (13)
2017/03/05 10:03:28 [error] [php] Trying to get property of non-object (D:\php\project\itmanage\webroot\manage\protected\components\Controller.php:31)
Stack trace:
#0 D:\php\project\itmanage\webroot\framework\web\CWebApplication.php(141): CWebApplication->runController()
#1 D:\php\project\itmanage\webroot\framework\base\CApplication.php(185): CWebApplication->processRequest()
#2 D:\php\project\itmanage\webroot\manage\index.php(13): CWebApplication->run()
REQUEST_URI=/
in D:\php\project\itmanage\webroot\manage\protected\components\Controller.php (31)
in D:\php\project\itmanage\webroot\manage\index.php (13)
2017/03/05 10:03:58 [error] [php] include(IndexAction.php): failed to open stream: No such file or directory (D:\php\project\itmanage\webroot\framework\YiiBase.php:432)
Stack trace:
#0 unknown(0): spl_autoload_call()
#1 D:\php\project\itmanage\webroot\framework\YiiBase.php(303): class_exists()
#2 D:\php\project\itmanage\webroot\framework\YiiBase.php(196): import()
#3 D:\php\project\itmanage\webroot\framework\web\CController.php(440): createComponent()
#4 D:\php\project\itmanage\webroot\framework\web\CController.php(417): IndexController->createActionFromMap()
#5 D:\php\project\itmanage\webroot\manage\protected\components\Controller.php(40): IndexController->createAction()
#6 D:\php\project\itmanage\webroot\framework\web\CController.php(259): IndexController->createAction()
#7 D:\php\project\itmanage\webroot\framework\web\CWebApplication.php(282): IndexController->run()
#8 D:\php\project\itmanage\webroot\framework\web\CWebApplication.php(141): CWebApplication->runController()
#9 D:\php\project\itmanage\webroot\framework\base\CApplication.php(185): CWebApplication->processRequest()
#10 D:\php\project\itmanage\webroot\manage\index.php(13): CWebApplication->run()
REQUEST_URI=/
in D:\php\project\itmanage\webroot\manage\protected\components\Controller.php (40)
in D:\php\project\itmanage\webroot\manage\index.php (13)
2017/03/05 10:04:28 [error] [php] include(IndexAction.php): failed to open stream: No such file or directory (D:\php\project\itmanage\webroot\framework\YiiBase.php:432)
Stack trace:
#0 unknown(0): spl_autoload_call()
#1 D:\php\project\itmanage\webroot\framework\YiiBase.php(303): class_exists()
#2 D:\php\project\itmanage\webroot\framework\YiiBase.php(196): import()
#3 D:\php\project\itmanage\webroot\framework\web\CController.php(440): createComponent()
#4 D:\php\project\itmanage\webroot\framework\web\CController.php(417): IndexController->createActionFromMap()
#5 D:\php\project\itmanage\webroot\manage\protected\components\Controller.php(40): IndexController->createAction()
#6 D:\php\project\itmanage\webroot\framework\web\CController.php(259): IndexController->createAction()
#7 D:\php\project\itmanage\webroot\framework\web\CWebApplication.php(282): IndexController->run()
#8 D:\php\project\itmanage\webroot\framework\web\CWebApplication.php(141): CWebApplication->runController()
#9 D:\php\project\itmanage\webroot\framework\base\CApplication.php(185): CWebApplication->processRequest()
#10 D:\php\project\itmanage\webroot\manage\index.php(13): CWebApplication->run()
REQUEST_URI=/?r=index/demo
in D:\php\project\itmanage\webroot\manage\protected\components\Controller.php (40)
in D:\php\project\itmanage\webroot\manage\index.php (13)
2017/03/05 10:13:06 [error] [php] Trying to get property of non-object (D:\php\project\itmanage\webroot\manage\protected\components\Controller.php:31)
Stack trace:
#0 D:\php\project\itmanage\webroot\framework\web\CWebApplication.php(141): CWebApplication->runController()
#1 D:\php\project\itmanage\webroot\framework\base\CApplication.php(185): CWebApplication->processRequest()
#2 D:\php\project\itmanage\webroot\manage\index.php(13): CWebApplication->run()
REQUEST_URI=/
in D:\php\project\itmanage\webroot\manage\protected\components\Controller.php (31)
in D:\php\project\itmanage\webroot\manage\index.php (13)
2017/03/05 10:20:17 [error] [php] Trying to get property of non-object (D:\php\project\itmanage\webroot\manage\protected\components\Controller.php:31)
Stack trace:
#0 D:\php\project\itmanage\webroot\framework\web\CWebApplication.php(141): CWebApplication->runController()
#1 D:\php\project\itmanage\webroot\framework\base\CApplication.php(185): CWebApplication->processRequest()
#2 D:\php\project\itmanage\webroot\manage\index.php(13): CWebApplication->run()
REQUEST_URI=/?r=index/index/index
in D:\php\project\itmanage\webroot\manage\protected\components\Controller.php (31)
in D:\php\project\itmanage\webroot\manage\index.php (13)
2017/03/05 10:21:51 [error] [php] Trying to get property of non-object (D:\php\project\itmanage\webroot\manage\protected\components\Filter.php:45)
Stack trace:
#0 D:\php\project\itmanage\webroot\framework\web\CController.php(291): CFilterChain->run()
#1 D:\php\project\itmanage\webroot\framework\web\CController.php(265): SiteController->runActionWithFilters()
#2 D:\php\project\itmanage\webroot\framework\web\CWebApplication.php(282): SiteController->run()
#3 D:\php\project\itmanage\webroot\framework\web\CWebApplication.php(141): CWebApplication->runController()
#4 D:\php\project\itmanage\webroot\framework\base\CApplication.php(185): CWebApplication->processRequest()
#5 D:\php\project\itmanage\webroot\manage\index.php(13): CWebApplication->run()
REQUEST_URI=/
in D:\php\project\itmanage\webroot\manage\protected\components\Filter.php (45)
in D:\php\project\itmanage\webroot\manage\index.php (13)
2017/03/06 16:35:11 [error] [exception.CException] CException: Property "IndexController.controller" is not defined. in D:\php\project\itmanage\webroot\framework\base\CComponent.php:130
Stack trace:
#0 D:\php\project\itmanage\webroot\manage\protected\controllers\IndexController.php(6): CComponent->__get('controller')
#1 D:\php\project\itmanage\webroot\framework\web\actions\CInlineAction.php(49): IndexController->actionRun()
#2 D:\php\project\itmanage\webroot\framework\web\CController.php(308): CInlineAction->runWithParams(Array)
#3 D:\php\project\itmanage\webroot\framework\web\filters\CFilterChain.php(133): CController->runAction(Object(CInlineAction))
#4 D:\php\project\itmanage\webroot\manage\protected\components\Filter.php(73): CFilterChain->run()
#5 D:\php\project\itmanage\webroot\framework\web\filters\CFilter.php(38): Filter->preFilter(Object(CFilterChain))
#6 D:\php\project\itmanage\webroot\framework\web\filters\CFilterChain.php(130): CFilter->filter(Object(CFilterChain))
#7 D:\php\project\itmanage\webroot\framework\web\CController.php(291): CFilterChain->run()
#8 D:\php\project\itmanage\webroot\framework\web\CController.php(265): CController->runActionWithFilters(Object(CInlineAction), Array)
#9 D:\php\project\itmanage\webroot\framework\web\CWebApplication.php(282): CController->run('run')
#10 D:\php\project\itmanage\webroot\framework\web\CWebApplication.php(141): CWebApplication->runController('index/run')
#11 D:\php\project\itmanage\webroot\framework\base\CApplication.php(185): CWebApplication->processRequest()
#12 D:\php\project\itmanage\webroot\manage\index.php(13): CApplication->run()
#13 {main}
REQUEST_URI=/?r=index/run
---
2017/03/06 16:35:43 [error] [exception.CException] CException: Property "IndexController.getController" is not defined. in D:\php\project\itmanage\webroot\framework\base\CComponent.php:130
Stack trace:
#0 D:\php\project\itmanage\webroot\manage\protected\controllers\IndexController.php(6): CComponent->__get('getController')
#1 D:\php\project\itmanage\webroot\framework\web\actions\CInlineAction.php(49): IndexController->actionRun()
#2 D:\php\project\itmanage\webroot\framework\web\CController.php(308): CInlineAction->runWithParams(Array)
#3 D:\php\project\itmanage\webroot\framework\web\filters\CFilterChain.php(133): CController->runAction(Object(CInlineAction))
#4 D:\php\project\itmanage\webroot\manage\protected\components\Filter.php(73): CFilterChain->run()
#5 D:\php\project\itmanage\webroot\framework\web\filters\CFilter.php(38): Filter->preFilter(Object(CFilterChain))
#6 D:\php\project\itmanage\webroot\framework\web\filters\CFilterChain.php(130): CFilter->filter(Object(CFilterChain))
#7 D:\php\project\itmanage\webroot\framework\web\CController.php(291): CFilterChain->run()
#8 D:\php\project\itmanage\webroot\framework\web\CController.php(265): CController->runActionWithFilters(Object(CInlineAction), Array)
#9 D:\php\project\itmanage\webroot\framework\web\CWebApplication.php(282): CController->run('run')
#10 D:\php\project\itmanage\webroot\framework\web\CWebApplication.php(141): CWebApplication->runController('index/run')
#11 D:\php\project\itmanage\webroot\framework\base\CApplication.php(185): CWebApplication->processRequest()
#12 D:\php\project\itmanage\webroot\manage\index.php(13): CApplication->run()
#13 {main}
REQUEST_URI=/?r=index/run
---
2017/03/06 16:35:54 [error] [exception.CException] CException: IndexController and its behaviors do not have a method or closure named "getController". in D:\php\project\itmanage\webroot\framework\base\CComponent.php:266
Stack trace:
#0 D:\php\project\itmanage\webroot\manage\protected\controllers\IndexController.php(6): CComponent->__call('getController', Array)
#1 D:\php\project\itmanage\webroot\framework\web\actions\CInlineAction.php(49): IndexController->actionRun()
#2 D:\php\project\itmanage\webroot\framework\web\CController.php(308): CInlineAction->runWithParams(Array)
#3 D:\php\project\itmanage\webroot\framework\web\filters\CFilterChain.php(133): CController->runAction(Object(CInlineAction))
#4 D:\php\project\itmanage\webroot\manage\protected\components\Filter.php(73): CFilterChain->run()
#5 D:\php\project\itmanage\webroot\framework\web\filters\CFilter.php(38): Filter->preFilter(Object(CFilterChain))
#6 D:\php\project\itmanage\webroot\framework\web\filters\CFilterChain.php(130): CFilter->filter(Object(CFilterChain))
#7 D:\php\project\itmanage\webroot\framework\web\CController.php(291): CFilterChain->run()
#8 D:\php\project\itmanage\webroot\framework\web\CController.php(265): CController->runActionWithFilters(Object(CInlineAction), Array)
#9 D:\php\project\itmanage\webroot\framework\web\CWebApplication.php(282): CController->run('run')
#10 D:\php\project\itmanage\webroot\framework\web\CWebApplication.php(141): CWebApplication->runController('index/run')
#11 D:\php\project\itmanage\webroot\framework\base\CApplication.php(185): CWebApplication->processRequest()
#12 D:\php\project\itmanage\webroot\manage\index.php(13): CApplication->run()
#13 {main}
REQUEST_URI=/?r=index/run
---
2017/03/06 16:37:45 [error] [exception.CException] CException: Property "IndexController.controller" is not defined. in D:\php\project\itmanage\webroot\framework\base\CComponent.php:130
Stack trace:
#0 D:\php\project\itmanage\webroot\manage\protected\components\Controller.php(31): CComponent->__get('controller')
#1 D:\php\project\itmanage\webroot\framework\web\CController.php(259): Controller->createAction('run')
#2 D:\php\project\itmanage\webroot\framework\web\CWebApplication.php(282): CController->run('run')
#3 D:\php\project\itmanage\webroot\framework\web\CWebApplication.php(141): CWebApplication->runController('index/run')
#4 D:\php\project\itmanage\webroot\framework\base\CApplication.php(185): CWebApplication->processRequest()
#5 D:\php\project\itmanage\webroot\manage\index.php(13): CApplication->run()
#6 {main}
REQUEST_URI=/?r=index/run
---
2017/03/06 16:43:39 [error] [php] get_object_vars() expects exactly 1 parameter, 0 given (D:\php\project\itmanage\webroot\manage\protected\components\Controller.php:31)
Stack trace:
#0 D:\php\project\itmanage\webroot\framework\web\CWebApplication.php(282): IndexController->run()
#1 D:\php\project\itmanage\webroot\framework\web\CWebApplication.php(141): CWebApplication->runController()
#2 D:\php\project\itmanage\webroot\framework\base\CApplication.php(185): CWebApplication->processRequest()
#3 D:\php\project\itmanage\webroot\manage\index.php(13): CWebApplication->run()
REQUEST_URI=/?r=index/run
in D:\php\project\itmanage\webroot\manage\protected\components\Controller.php (31)
in D:\php\project\itmanage\webroot\manage\index.php (13)
2017/03/06 16:44:16 [error] [php] Use of undefined constant parent - assumed 'parent' (D:\php\project\itmanage\webroot\manage\protected\components\Controller.php:31)
Stack trace:
#0 D:\php\project\itmanage\webroot\framework\web\CWebApplication.php(141): CWebApplication->runController()
#1 D:\php\project\itmanage\webroot\framework\base\CApplication.php(185): CWebApplication->processRequest()
#2 D:\php\project\itmanage\webroot\manage\index.php(13): CWebApplication->run()
REQUEST_URI=/?r=index/run
in D:\php\project\itmanage\webroot\manage\protected\components\Controller.php (31)
in D:\php\project\itmanage\webroot\manage\index.php (13)
2017/03/09 15:48:03 [error] [exception.CException] CException: Alias "demo.DemoModule" is invalid. Make sure it points to an existing PHP file and the file is readable. in D:\php\project\itmanage\webroot\framework\YiiBase.php:323
Stack trace:
#0 D:\php\project\itmanage\webroot\framework\YiiBase.php(196): YiiBase::import('demo.DemoModule', true)
#1 D:\php\project\itmanage\webroot\framework\base\CModule.php(282): YiiBase::createComponent(Array, 'demo', NULL, Array)
#2 D:\php\project\itmanage\webroot\framework\web\CWebApplication.php(337): CModule->getModule('demo')
#3 D:\php\project\itmanage\webroot\framework\web\CWebApplication.php(276): CWebApplication->createController('index/index/')
#4 D:\php\project\itmanage\webroot\framework\web\CWebApplication.php(141): CWebApplication->runController('demo/index/inde...')
#5 D:\php\project\itmanage\webroot\framework\base\CApplication.php(185): CWebApplication->processRequest()
#6 D:\php\project\itmanage\webroot\manage\index.php(13): CApplication->run()
#7 {main}
REQUEST_URI=/?r=demo/index/index
---
2017/03/09 15:51:24 [error] [exception.CException] CException: Alias "demo.DemoModule" is invalid. Make sure it points to an existing PHP file and the file is readable. in D:\php\project\itmanage\webroot\framework\YiiBase.php:323
Stack trace:
#0 D:\php\project\itmanage\webroot\framework\YiiBase.php(196): YiiBase::import('demo.DemoModule', true)
#1 D:\php\project\itmanage\webroot\framework\base\CModule.php(282): YiiBase::createComponent(Array, 'demo', NULL, Array)
#2 D:\php\project\itmanage\webroot\framework\web\CWebApplication.php(337): CModule->getModule('demo')
#3 D:\php\project\itmanage\webroot\framework\web\CWebApplication.php(276): CWebApplication->createController('demo/ruj/')
#4 D:\php\project\itmanage\webroot\framework\web\CWebApplication.php(141): CWebApplication->runController('demo/demo/ruj')
#5 D:\php\project\itmanage\webroot\framework\base\CApplication.php(185): CWebApplication->processRequest()
#6 D:\php\project\itmanage\webroot\manage\index.php(13): CApplication->run()
#7 {main}
REQUEST_URI=/?r=demo/demo/ruj
---
2017/03/09 15:51:29 [error] [exception.CException] CException: Alias "demo.DemoModule" is invalid. Make sure it points to an existing PHP file and the file is readable. in D:\php\project\itmanage\webroot\framework\YiiBase.php:323
Stack trace:
#0 D:\php\project\itmanage\webroot\framework\YiiBase.php(196): YiiBase::import('demo.DemoModule', true)
#1 D:\php\project\itmanage\webroot\framework\base\CModule.php(282): YiiBase::createComponent(Array, 'demo', NULL, Array)
#2 D:\php\project\itmanage\webroot\framework\web\CWebApplication.php(337): CModule->getModule('demo')
#3 D:\php\project\itmanage\webroot\framework\web\CWebApplication.php(276): CWebApplication->createController('demo/run/')
#4 D:\php\project\itmanage\webroot\framework\web\CWebApplication.php(141): CWebApplication->runController('demo/demo/run')
#5 D:\php\project\itmanage\webroot\framework\base\CApplication.php(185): CWebApplication->processRequest()
#6 D:\php\project\itmanage\webroot\manage\index.php(13): CApplication->run()
#7 {main}
REQUEST_URI=/?r=demo/demo/run
---
2017/03/09 15:54:10 [error] [exception.CException] CException: Alias "demo.DemoModule" is invalid. Make sure it points to an existing PHP file and the file is readable. in D:\php\project\itmanage\webroot\framework\YiiBase.php:323
Stack trace:
#0 D:\php\project\itmanage\webroot\framework\YiiBase.php(196): YiiBase::import('demo.DemoModule', true)
#1 D:\php\project\itmanage\webroot\framework\base\CModule.php(282): YiiBase::createComponent(Array, 'demo', NULL, Array)
#2 D:\php\project\itmanage\webroot\framework\web\CWebApplication.php(337): CModule->getModule('demo')
#3 D:\php\project\itmanage\webroot\framework\web\CWebApplication.php(276): CWebApplication->createController('run/')
#4 D:\php\project\itmanage\webroot\framework\web\CWebApplication.php(141): CWebApplication->runController('demo/run')
#5 D:\php\project\itmanage\webroot\framework\base\CApplication.php(185): CWebApplication->processRequest()
#6 D:\php\project\itmanage\webroot\manage\index.php(13): CApplication->run()
#7 {main}
REQUEST_URI=/?r=demo/run
---
2017/03/09 16:02:47 [error] [exception.CHttpException.404] CHttpException: Unable to resolve the request "gii". in D:\php\project\itmanage\webroot\framework\web\CWebApplication.php:286
Stack trace:
#0 D:\php\project\itmanage\webroot\framework\web\CWebApplication.php(141): CWebApplication->runController('gii')
#1 D:\php\project\itmanage\webroot\framework\base\CApplication.php(185): CWebApplication->processRequest()
#2 D:\php\project\itmanage\webroot\manage\index.php(13): CApplication->run()
#3 {main}
REQUEST_URI=/?r=gii
---
2017/03/09 16:12:00 [error] [exception.CHttpException.404] CHttpException: Unable to resolve the request "demo". in D:\php\project\itmanage\webroot\framework\web\CWebApplication.php:286
Stack trace:
#0 D:\php\project\itmanage\webroot\framework\web\CWebApplication.php(141): CWebApplication->runController('demo')
#1 D:\php\project\itmanage\webroot\framework\base\CApplication.php(185): CWebApplication->processRequest()
#2 D:\php\project\itmanage\webroot\manage\index.php(13): CApplication->run()
#3 {main}
REQUEST_URI=/index.php?r=demo
---
2017/03/09 16:12:18 [error] [php] Trying to get property of non-object (D:\php\project\itmanage\webroot\manage\protected\components\Controller.php:31)
Stack trace:
#0 D:\php\project\itmanage\webroot\framework\web\CWebApplication.php(141): CWebApplication->runController()
#1 D:\php\project\itmanage\webroot\framework\base\CApplication.php(185): CWebApplication->processRequest()
#2 D:\php\project\itmanage\webroot\manage\index.php(13): CWebApplication->run()
REQUEST_URI=/index.php?r=index/run
in D:\php\project\itmanage\webroot\manage\protected\components\Controller.php (31)
in D:\php\project\itmanage\webroot\manage\index.php (13)
2017/03/09 16:20:46 [error] [php] include(WapLogger.php): failed to open stream: No such file or directory (D:\php\project\itmanage\webroot\framework\YiiBase.php:432)
Stack trace:
#0 D:\php\project\itmanage\webroot\manage\protected\components\Action.php(31): spl_autoload_call()
#1 D:\php\project\itmanage\webroot\manage\protected\components\Controller.php(63): HomeAction->beforeRun()
#2 D:\php\project\itmanage\webroot\framework\web\CController.php(306): HomeController->beforeAction()
#3 D:\php\project\itmanage\webroot\framework\web\filters\CFilterChain.php(133): HomeController->runAction()
#4 D:\php\project\itmanage\webroot\manage\protected\components\Filter.php(73): CFilterChain->run()
#5 D:\php\project\itmanage\webroot\framework\web\filters\CFilter.php(38): Filter->preFilter()
#6 D:\php\project\itmanage\webroot\framework\web\filters\CFilterChain.php(130): Filter->filter()
#7 D:\php\project\itmanage\webroot\framework\web\CController.php(291): CFilterChain->run()
#8 D:\php\project\itmanage\webroot\framework\web\CController.php(265): HomeController->runActionWithFilters()
#9 D:\php\project\itmanage\webroot\framework\web\CWebApplication.php(282): HomeController->run()
#10 D:\php\project\itmanage\webroot\framework\web\CWebApplication.php(141): CWebApplication->runController()
#11 D:\php\project\itmanage\webroot\framework\base\CApplication.php(185): CWebApplication->processRequest()
#12 D:\php\project\itmanage\webroot\manage\index.php(13): CWebApplication->run()
REQUEST_URI=/index.php?r=home/home
in D:\php\project\itmanage\webroot\manage\protected\components\Action.php (31)
in D:\php\project\itmanage\webroot\manage\protected\components\Controller.php (63)
in D:\php\project\itmanage\webroot\manage\protected\components\Filter.php (73)
2017/03/16 07:36:53 [error] [exception.CDbException] CDbException: CDbConnection failed to open the DB connection: SQLSTATE[HY000] [2002] No such file or directory in /home/itmanage/ITManage/webroot/framework/db/CDbConnection.php:399
Stack trace:
#0 /home/itmanage/ITManage/webroot/framework/db/CDbConnection.php(347): CDbConnection->open()
#1 /home/itmanage/ITManage/webroot/framework/db/CDbConnection.php(325): CDbConnection->setActive(true)
#2 /home/itmanage/ITManage/webroot/framework/base/CModule.php(394): CDbConnection->init()
#3 /home/itmanage/ITManage/webroot/framework/base/CModule.php(103): CModule->getComponent('db')
#4 /home/itmanage/ITManage/webroot/manage/protected/commands/GenerateDataCommand.php(20): CModule->__get('db')
#5 /home/itmanage/ITManage/webroot/manage/protected/commands/GenerateDataCommand.php(8): GenerateDataCommand->generateAccount()
#6 [internal function]: GenerateDataCommand->actionIndex()
#7 /home/itmanage/ITManage/webroot/framework/console/CConsoleCommand.php(172): ReflectionMethod->invokeArgs(Object(GenerateDataCommand), Array)
#8 /home/itmanage/ITManage/webroot/framework/console/CConsoleCommandRunner.php(71): CConsoleCommand->run(Array)
#9 /home/itmanage/ITManage/webroot/framework/console/CConsoleApplication.php(92): CConsoleCommandRunner->run(Array)
#10 /home/itmanage/ITManage/webroot/framework/base/CApplication.php(185): CConsoleApplication->processRequest()
#11 /home/itmanage/ITManage/webroot/framework/yiic.php(33): CApplication->run()
#12 /home/itmanage/ITManage/webroot/manage/protected/yiic.php(7): require_once('/home/itmanage/...')
#13 {main}
---
2017/03/17 02:00:04 [error] [system.db.CDbCommand] CDbCommand::execute() failed: SQLSTATE[42000]: Syntax error or access violation: 1064 You have an error in your SQL syntax; check the manual that corresponds to your MySQL server version for the right syntax to use near 'INSET INTO wsqITManage.tbUser (fdNickName,fdAccount,fdPassword,fdUserTypeID) VAL' at line 1. The SQL statement executed was: INSET INTO wsqITManage.tbUser (fdNickName,fdAccount,fdPassword,fdUserTypeID) VALUES (:name,:account,:password,:type).
2017/03/17 02:00:04 [error] [exception.CDbException] CDbException: CDbCommand failed to execute the SQL statement: SQLSTATE[42000]: Syntax error or access violation: 1064 You have an error in your SQL syntax; check the manual that corresponds to your MySQL server version for the right syntax to use near 'INSET INTO wsqITManage.tbUser (fdNickName,fdAccount,fdPassword,fdUserTypeID) VAL' at line 1. The SQL statement executed was: INSET INTO wsqITManage.tbUser (fdNickName,fdAccount,fdPassword,fdUserTypeID) VALUES (:name,:account,:password,:type) in /home/itmanage/ITManage/webroot/framework/db/CDbCommand.php:358
Stack trace:
#0 /home/itmanage/ITManage/webroot/manage/protected/commands/GenerateDataCommand.php(20): CDbCommand->execute(Array)
#1 /home/itmanage/ITManage/webroot/manage/protected/commands/GenerateDataCommand.php(8): GenerateDataCommand->generateAccount()
#2 [internal function]: GenerateDataCommand->actionIndex()
#3 /home/itmanage/ITManage/webroot/framework/console/CConsoleCommand.php(172): ReflectionMethod->invokeArgs(Object(GenerateDataCommand), Array)
#4 /home/itmanage/ITManage/webroot/framework/console/CConsoleCommandRunner.php(71): CConsoleCommand->run(Array)
#5 /home/itmanage/ITManage/webroot/framework/console/CConsoleApplication.php(92): CConsoleCommandRunner->run(Array)
#6 /home/itmanage/ITManage/webroot/framework/base/CApplication.php(185): CConsoleApplication->processRequest()
#7 /home/itmanage/ITManage/webroot/framework/yiic.php(33): CApplication->run()
#8 /home/itmanage/ITManage/webroot/manage/protected/yiic.php(7): require_once('/home/itmanage/...')
#9 {main}
---
2017/03/24 08:27:11 [error] [php] Array to string conversion (/home/itmanage/ITManage/webroot/framework/db/CDbCommand.php:510)
Stack trace:
#0 /home/itmanage/ITManage/webroot/manage/protected/commands/SendEmailCommand.php(38): CDbCommand->queryAll()
#1 /home/itmanage/ITManage/webroot/manage/protected/commands/SendEmailCommand.php(62): SendEmailCommand->actionDutyBatch()
#2 unknown(0): SendEmailCommand->actionCheckDuty()
#3 /home/itmanage/ITManage/webroot/framework/console/CConsoleCommand.php(172): ReflectionMethod->invokeArgs()
#4 /home/itmanage/ITManage/webroot/framework/console/CConsoleCommandRunner.php(71): SendEmailCommand->run()
#5 /home/itmanage/ITManage/webroot/framework/console/CConsoleApplication.php(92): CConsoleCommandRunner->run()
#6 /home/itmanage/ITManage/webroot/framework/base/CApplication.php(185): CConsoleApplication->processRequest()
#7 /home/itmanage/ITManage/webroot/framework/yiic.php(33): CConsoleApplication->run()
#8 /home/itmanage/ITManage/webroot/manage/protected/yiic.php(7): require_once()

2017/03/24 08:28:16 [error] [php] Array to string conversion (/home/itmanage/ITManage/webroot/framework/db/CDbCommand.php:510)
Stack trace:
#0 /home/itmanage/ITManage/webroot/manage/protected/commands/SendEmailCommand.php(38): CDbCommand->queryAll()
#1 /home/itmanage/ITManage/webroot/manage/protected/commands/SendEmailCommand.php(62): SendEmailCommand->dutyBatch()
#2 unknown(0): SendEmailCommand->actionCheckDuty()
#3 /home/itmanage/ITManage/webroot/framework/console/CConsoleCommand.php(172): ReflectionMethod->invokeArgs()
#4 /home/itmanage/ITManage/webroot/framework/console/CConsoleCommandRunner.php(71): SendEmailCommand->run()
#5 /home/itmanage/ITManage/webroot/framework/console/CConsoleApplication.php(92): CConsoleCommandRunner->run()
#6 /home/itmanage/ITManage/webroot/framework/base/CApplication.php(185): CConsoleApplication->processRequest()
#7 /home/itmanage/ITManage/webroot/framework/yiic.php(33): CConsoleApplication->run()
#8 /home/itmanage/ITManage/webroot/manage/protected/yiic.php(7): require_once()

2017/03/24 08:29:34 [error] [system.db.CDbCommand] CDbCommand::fetchAll() failed: SQLSTATE[21000]: Cardinality violation: 1241 Operand should contain 1 column(s). The SQL statement executed was: SELECT tbUser.fdAccount  FROM wsqITManage.tbUser 
            WHERE tbUser.id in (SELECT fdManager,fdTester,fdDeveloper FROM wsqITManage.tbDuty WHERE tbDuty.id = :id).
2017/03/24 08:29:34 [error] [system.console] [群发任务邮件报错]：CDbException: CDbCommand failed to execute the SQL statement: SQLSTATE[21000]: Cardinality violation: 1241 Operand should contain 1 column(s). The SQL statement executed was: SELECT tbUser.fdAccount  FROM wsqITManage.tbUser 
            WHERE tbUser.id in (SELECT fdManager,fdTester,fdDeveloper FROM wsqITManage.tbDuty WHERE tbDuty.id = :id) in /home/itmanage/ITManage/webroot/framework/db/CDbCommand.php:543
Stack trace:
#0 /home/itmanage/ITManage/webroot/framework/db/CDbCommand.php(396): CDbCommand->queryInternal('fetchAll', Array, Array)
#1 /home/itmanage/ITManage/webroot/manage/protected/commands/SendEmailCommand.php(38): CDbCommand->queryAll(true, Array)
#2 /home/itmanage/ITManage/webroot/manage/protected/commands/SendEmailCommand.php(62): SendEmailCommand->dutyBatch('1')
#3 [internal function]: SendEmailCommand->actionCheckDuty()
#4 /home/itmanage/ITManage/webroot/framework/console/CConsoleCommand.php(172): ReflectionMethod->invokeArgs(Object(SendEmailCommand), Array)
#5 /home/itmanage/ITManage/webroot/framework/console/CConsoleCommandRunner.php(71): CConsoleCommand->run(Array)
#6 /home/itmanage/ITManage/webroot/framework/console/CConsoleApplication.php(92): CConsoleCommandRunner->run(Array)
#7 /home/itmanage/ITManage/webroot/framework/base/CApplication.php(185): CConsoleApplication->processRequest()
#8 /home/itmanage/ITManage/webroot/framework/yiic.php(33): CApplication->run()
#9 /home/itmanage/ITManage/webroot/manage/protected/yiic.php(7): require_once('/home/itmanage/...')
#10 {main}
2017/03/24 08:29:34 [error] [system.db.CDbCommand] CDbCommand::fetchAll() failed: SQLSTATE[21000]: Cardinality violation: 1241 Operand should contain 1 column(s). The SQL statement executed was: SELECT tbUser.fdAccount  FROM wsqITManage.tbUser 
            WHERE tbUser.id in (SELECT fdManager,fdTester,fdDeveloper FROM wsqITManage.tbDuty WHERE tbDuty.id = :id).
2017/03/24 08:29:34 [error] [system.console] [群发任务邮件报错]：CDbException: CDbCommand failed to execute the SQL statement: SQLSTATE[21000]: Cardinality violation: 1241 Operand should contain 1 column(s). The SQL statement executed was: SELECT tbUser.fdAccount  FROM wsqITManage.tbUser 
            WHERE tbUser.id in (SELECT fdManager,fdTester,fdDeveloper FROM wsqITManage.tbDuty WHERE tbDuty.id = :id) in /home/itmanage/ITManage/webroot/framework/db/CDbCommand.php:543
Stack trace:
#0 /home/itmanage/ITManage/webroot/framework/db/CDbCommand.php(396): CDbCommand->queryInternal('fetchAll', Array, Array)
#1 /home/itmanage/ITManage/webroot/manage/protected/commands/SendEmailCommand.php(38): CDbCommand->queryAll(true, Array)
#2 /home/itmanage/ITManage/webroot/manage/protected/commands/SendEmailCommand.php(62): SendEmailCommand->dutyBatch('3')
#3 [internal function]: SendEmailCommand->actionCheckDuty()
#4 /home/itmanage/ITManage/webroot/framework/console/CConsoleCommand.php(172): ReflectionMethod->invokeArgs(Object(SendEmailCommand), Array)
#5 /home/itmanage/ITManage/webroot/framework/console/CConsoleCommandRunner.php(71): CConsoleCommand->run(Array)
#6 /home/itmanage/ITManage/webroot/framework/console/CConsoleApplication.php(92): CConsoleCommandRunner->run(Array)
#7 /home/itmanage/ITManage/webroot/framework/base/CApplication.php(185): CConsoleApplication->processRequest()
#8 /home/itmanage/ITManage/webroot/framework/yiic.php(33): CApplication->run()
#9 /home/itmanage/ITManage/webroot/manage/protected/yiic.php(7): require_once('/home/itmanage/...')
#10 {main}
2017/03/24 08:30:27 [error] [system.db.CDbCommand] CDbCommand::fetchAll() failed: SQLSTATE[21000]: Cardinality violation: 1241 Operand should contain 1 column(s). The SQL statement executed was: SELECT tbUser.fdAccount  FROM wsqITManage.tbUser 
            WHERE tbUser.id in (SELECT fdManager,fdTester,fdDeveloper FROM wsqITManage.tbDuty WHERE tbDuty.id = :id).
2017/03/24 08:30:27 [error] [system.console] [群发任务邮件报错]：CDbException: CDbCommand failed to execute the SQL statement: SQLSTATE[21000]: Cardinality violation: 1241 Operand should contain 1 column(s). The SQL statement executed was: SELECT tbUser.fdAccount  FROM wsqITManage.tbUser 
            WHERE tbUser.id in (SELECT fdManager,fdTester,fdDeveloper FROM wsqITManage.tbDuty WHERE tbDuty.id = :id) in /home/itmanage/ITManage/webroot/framework/db/CDbCommand.php:543
Stack trace:
#0 /home/itmanage/ITManage/webroot/framework/db/CDbCommand.php(396): CDbCommand->queryInternal('fetchAll', Array, Array)
#1 /home/itmanage/ITManage/webroot/manage/protected/commands/SendEmailCommand.php(38): CDbCommand->queryAll(true, Array)
#2 /home/itmanage/ITManage/webroot/manage/protected/commands/SendEmailCommand.php(63): SendEmailCommand->dutyBatch('1')
#3 [internal function]: SendEmailCommand->actionCheckDuty()
#4 /home/itmanage/ITManage/webroot/framework/console/CConsoleCommand.php(172): ReflectionMethod->invokeArgs(Object(SendEmailCommand), Array)
#5 /home/itmanage/ITManage/webroot/framework/console/CConsoleCommandRunner.php(71): CConsoleCommand->run(Array)
#6 /home/itmanage/ITManage/webroot/framework/console/CConsoleApplication.php(92): CConsoleCommandRunner->run(Array)
#7 /home/itmanage/ITManage/webroot/framework/base/CApplication.php(185): CConsoleApplication->processRequest()
#8 /home/itmanage/ITManage/webroot/framework/yiic.php(33): CApplication->run()
#9 /home/itmanage/ITManage/webroot/manage/protected/yiic.php(7): require_once('/home/itmanage/...')
#10 {main}
2017/03/24 08:30:27 [error] [system.db.CDbCommand] CDbCommand::fetchAll() failed: SQLSTATE[21000]: Cardinality violation: 1241 Operand should contain 1 column(s). The SQL statement executed was: SELECT tbUser.fdAccount  FROM wsqITManage.tbUser 
            WHERE tbUser.id in (SELECT fdManager,fdTester,fdDeveloper FROM wsqITManage.tbDuty WHERE tbDuty.id = :id).
2017/03/24 08:30:27 [error] [system.console] [群发任务邮件报错]：CDbException: CDbCommand failed to execute the SQL statement: SQLSTATE[21000]: Cardinality violation: 1241 Operand should contain 1 column(s). The SQL statement executed was: SELECT tbUser.fdAccount  FROM wsqITManage.tbUser 
            WHERE tbUser.id in (SELECT fdManager,fdTester,fdDeveloper FROM wsqITManage.tbDuty WHERE tbDuty.id = :id) in /home/itmanage/ITManage/webroot/framework/db/CDbCommand.php:543
Stack trace:
#0 /home/itmanage/ITManage/webroot/framework/db/CDbCommand.php(396): CDbCommand->queryInternal('fetchAll', Array, Array)
#1 /home/itmanage/ITManage/webroot/manage/protected/commands/SendEmailCommand.php(38): CDbCommand->queryAll(true, Array)
#2 /home/itmanage/ITManage/webroot/manage/protected/commands/SendEmailCommand.php(63): SendEmailCommand->dutyBatch('3')
#3 [internal function]: SendEmailCommand->actionCheckDuty()
#4 /home/itmanage/ITManage/webroot/framework/console/CConsoleCommand.php(172): ReflectionMethod->invokeArgs(Object(SendEmailCommand), Array)
#5 /home/itmanage/ITManage/webroot/framework/console/CConsoleCommandRunner.php(71): CConsoleCommand->run(Array)
#6 /home/itmanage/ITManage/webroot/framework/console/CConsoleApplication.php(92): CConsoleCommandRunner->run(Array)
#7 /home/itmanage/ITManage/webroot/framework/base/CApplication.php(185): CConsoleApplication->processRequest()
#8 /home/itmanage/ITManage/webroot/framework/yiic.php(33): CApplication->run()
#9 /home/itmanage/ITManage/webroot/manage/protected/yiic.php(7): require_once('/home/itmanage/...')
#10 {main}
2017/03/24 08:30:47 [error] [system.db.CDbCommand] CDbCommand::fetchAll() failed: SQLSTATE[21000]: Cardinality violation: 1241 Operand should contain 1 column(s). The SQL statement executed was: SELECT tbUser.fdAccount  FROM wsqITManage.tbUser 
            WHERE tbUser.id in (SELECT fdManager,fdTester,fdDeveloper FROM wsqITManage.tbDuty WHERE tbDuty.id = :id).
2017/03/24 08:30:47 [error] [system.console] [群发任务邮件报错]：CDbException: CDbCommand failed to execute the SQL statement: SQLSTATE[21000]: Cardinality violation: 1241 Operand should contain 1 column(s). The SQL statement executed was: SELECT tbUser.fdAccount  FROM wsqITManage.tbUser 
            WHERE tbUser.id in (SELECT fdManager,fdTester,fdDeveloper FROM wsqITManage.tbDuty WHERE tbDuty.id = :id) in /home/itmanage/ITManage/webroot/framework/db/CDbCommand.php:543
Stack trace:
#0 /home/itmanage/ITManage/webroot/framework/db/CDbCommand.php(396): CDbCommand->queryInternal('fetchAll', Array, Array)
#1 /home/itmanage/ITManage/webroot/manage/protected/commands/SendEmailCommand.php(38): CDbCommand->queryAll(true, Array)
#2 /home/itmanage/ITManage/webroot/manage/protected/commands/SendEmailCommand.php(63): SendEmailCommand->dutyBatch('1')
#3 [internal function]: SendEmailCommand->actionCheckDuty()
#4 /home/itmanage/ITManage/webroot/framework/console/CConsoleCommand.php(172): ReflectionMethod->invokeArgs(Object(SendEmailCommand), Array)
#5 /home/itmanage/ITManage/webroot/framework/console/CConsoleCommandRunner.php(71): CConsoleCommand->run(Array)
#6 /home/itmanage/ITManage/webroot/framework/console/CConsoleApplication.php(92): CConsoleCommandRunner->run(Array)
#7 /home/itmanage/ITManage/webroot/framework/base/CApplication.php(185): CConsoleApplication->processRequest()
#8 /home/itmanage/ITManage/webroot/framework/yiic.php(33): CApplication->run()
#9 /home/itmanage/ITManage/webroot/manage/protected/yiic.php(7): require_once('/home/itmanage/...')
#10 {main}
2017/03/24 08:30:47 [error] [system.db.CDbCommand] CDbCommand::fetchAll() failed: SQLSTATE[21000]: Cardinality violation: 1241 Operand should contain 1 column(s). The SQL statement executed was: SELECT tbUser.fdAccount  FROM wsqITManage.tbUser 
            WHERE tbUser.id in (SELECT fdManager,fdTester,fdDeveloper FROM wsqITManage.tbDuty WHERE tbDuty.id = :id).
2017/03/24 08:30:47 [error] [system.console] [群发任务邮件报错]：CDbException: CDbCommand failed to execute the SQL statement: SQLSTATE[21000]: Cardinality violation: 1241 Operand should contain 1 column(s). The SQL statement executed was: SELECT tbUser.fdAccount  FROM wsqITManage.tbUser 
            WHERE tbUser.id in (SELECT fdManager,fdTester,fdDeveloper FROM wsqITManage.tbDuty WHERE tbDuty.id = :id) in /home/itmanage/ITManage/webroot/framework/db/CDbCommand.php:543
Stack trace:
#0 /home/itmanage/ITManage/webroot/framework/db/CDbCommand.php(396): CDbCommand->queryInternal('fetchAll', Array, Array)
#1 /home/itmanage/ITManage/webroot/manage/protected/commands/SendEmailCommand.php(38): CDbCommand->queryAll(true, Array)
#2 /home/itmanage/ITManage/webroot/manage/protected/commands/SendEmailCommand.php(63): SendEmailCommand->dutyBatch('3')
#3 [internal function]: SendEmailCommand->actionCheckDuty()
#4 /home/itmanage/ITManage/webroot/framework/console/CConsoleCommand.php(172): ReflectionMethod->invokeArgs(Object(SendEmailCommand), Array)
#5 /home/itmanage/ITManage/webroot/framework/console/CConsoleCommandRunner.php(71): CConsoleCommand->run(Array)
#6 /home/itmanage/ITManage/webroot/framework/console/CConsoleApplication.php(92): CConsoleCommandRunner->run(Array)
#7 /home/itmanage/ITManage/webroot/framework/base/CApplication.php(185): CConsoleApplication->processRequest()
#8 /home/itmanage/ITManage/webroot/framework/yiic.php(33): CApplication->run()
#9 /home/itmanage/ITManage/webroot/manage/protected/yiic.php(7): require_once('/home/itmanage/...')
#10 {main}
2017/03/24 08:31:38 [error] [system.db.CDbCommand] CDbCommand::fetchAll() failed: SQLSTATE[21000]: Cardinality violation: 1241 Operand should contain 1 column(s). The SQL statement executed was: SELECT tbUser.fdAccount  FROM wsqITManage.tbUser 
            WHERE tbUser.id in (SELECT fdManager,fdTester,fdDeveloper FROM wsqITManage.tbDuty WHERE tbDuty.id = :id).
2017/03/24 08:31:38 [error] [system.console] [群发任务邮件报错]：CDbException: CDbCommand failed to execute the SQL statement: SQLSTATE[21000]: Cardinality violation: 1241 Operand should contain 1 column(s). The SQL statement executed was: SELECT tbUser.fdAccount  FROM wsqITManage.tbUser 
            WHERE tbUser.id in (SELECT fdManager,fdTester,fdDeveloper FROM wsqITManage.tbDuty WHERE tbDuty.id = :id) in /home/itmanage/ITManage/webroot/framework/db/CDbCommand.php:543
Stack trace:
#0 /home/itmanage/ITManage/webroot/framework/db/CDbCommand.php(396): CDbCommand->queryInternal('fetchAll', Array, Array)
#1 /home/itmanage/ITManage/webroot/manage/protected/commands/SendEmailCommand.php(38): CDbCommand->queryAll(true, Array)
#2 /home/itmanage/ITManage/webroot/manage/protected/commands/SendEmailCommand.php(63): SendEmailCommand->dutyBatch('1')
#3 [internal function]: SendEmailCommand->actionCheckDuty()
#4 /home/itmanage/ITManage/webroot/framework/console/CConsoleCommand.php(172): ReflectionMethod->invokeArgs(Object(SendEmailCommand), Array)
#5 /home/itmanage/ITManage/webroot/framework/console/CConsoleCommandRunner.php(71): CConsoleCommand->run(Array)
#6 /home/itmanage/ITManage/webroot/framework/console/CConsoleApplication.php(92): CConsoleCommandRunner->run(Array)
#7 /home/itmanage/ITManage/webroot/framework/base/CApplication.php(185): CConsoleApplication->processRequest()
#8 /home/itmanage/ITManage/webroot/framework/yiic.php(33): CApplication->run()
#9 /home/itmanage/ITManage/webroot/manage/protected/yiic.php(7): require_once('/home/itmanage/...')
#10 {main}
2017/03/24 08:31:38 [error] [system.db.CDbCommand] CDbCommand::fetchAll() failed: SQLSTATE[21000]: Cardinality violation: 1241 Operand should contain 1 column(s). The SQL statement executed was: SELECT tbUser.fdAccount  FROM wsqITManage.tbUser 
            WHERE tbUser.id in (SELECT fdManager,fdTester,fdDeveloper FROM wsqITManage.tbDuty WHERE tbDuty.id = :id).
2017/03/24 08:31:38 [error] [system.console] [群发任务邮件报错]：CDbException: CDbCommand failed to execute the SQL statement: SQLSTATE[21000]: Cardinality violation: 1241 Operand should contain 1 column(s). The SQL statement executed was: SELECT tbUser.fdAccount  FROM wsqITManage.tbUser 
            WHERE tbUser.id in (SELECT fdManager,fdTester,fdDeveloper FROM wsqITManage.tbDuty WHERE tbDuty.id = :id) in /home/itmanage/ITManage/webroot/framework/db/CDbCommand.php:543
Stack trace:
#0 /home/itmanage/ITManage/webroot/framework/db/CDbCommand.php(396): CDbCommand->queryInternal('fetchAll', Array, Array)
#1 /home/itmanage/ITManage/webroot/manage/protected/commands/SendEmailCommand.php(38): CDbCommand->queryAll(true, Array)
#2 /home/itmanage/ITManage/webroot/manage/protected/commands/SendEmailCommand.php(63): SendEmailCommand->dutyBatch('3')
#3 [internal function]: SendEmailCommand->actionCheckDuty()
#4 /home/itmanage/ITManage/webroot/framework/console/CConsoleCommand.php(172): ReflectionMethod->invokeArgs(Object(SendEmailCommand), Array)
#5 /home/itmanage/ITManage/webroot/framework/console/CConsoleCommandRunner.php(71): CConsoleCommand->run(Array)
#6 /home/itmanage/ITManage/webroot/framework/console/CConsoleApplication.php(92): CConsoleCommandRunner->run(Array)
#7 /home/itmanage/ITManage/webroot/framework/base/CApplication.php(185): CConsoleApplication->processRequest()
#8 /home/itmanage/ITManage/webroot/framework/yiic.php(33): CApplication->run()
#9 /home/itmanage/ITManage/webroot/manage/protected/yiic.php(7): require_once('/home/itmanage/...')
#10 {main}
2017/03/24 08:31:51 [error] [system.db.CDbCommand] CDbCommand::fetchAll() failed: SQLSTATE[21000]: Cardinality violation: 1241 Operand should contain 1 column(s). The SQL statement executed was: SELECT tbUser.fdAccount  FROM wsqITManage.tbUser 
            WHERE tbUser.id in (SELECT fdManager,fdTester,fdDeveloper FROM wsqITManage.tbDuty WHERE tbDuty.id = :id).
2017/03/24 08:31:51 [error] [system.console] [群发任务邮件报错]：CDbException: CDbCommand failed to execute the SQL statement: SQLSTATE[21000]: Cardinality violation: 1241 Operand should contain 1 column(s). The SQL statement executed was: SELECT tbUser.fdAccount  FROM wsqITManage.tbUser 
            WHERE tbUser.id in (SELECT fdManager,fdTester,fdDeveloper FROM wsqITManage.tbDuty WHERE tbDuty.id = :id) in /home/itmanage/ITManage/webroot/framework/db/CDbCommand.php:543
Stack trace:
#0 /home/itmanage/ITManage/webroot/framework/db/CDbCommand.php(396): CDbCommand->queryInternal('fetchAll', Array, Array)
#1 /home/itmanage/ITManage/webroot/manage/protected/commands/SendEmailCommand.php(39): CDbCommand->queryAll(true, Array)
#2 /home/itmanage/ITManage/webroot/manage/protected/commands/SendEmailCommand.php(64): SendEmailCommand->dutyBatch('1')
#3 [internal function]: SendEmailCommand->actionCheckDuty()
#4 /home/itmanage/ITManage/webroot/framework/console/CConsoleCommand.php(172): ReflectionMethod->invokeArgs(Object(SendEmailCommand), Array)
#5 /home/itmanage/ITManage/webroot/framework/console/CConsoleCommandRunner.php(71): CConsoleCommand->run(Array)
#6 /home/itmanage/ITManage/webroot/framework/console/CConsoleApplication.php(92): CConsoleCommandRunner->run(Array)
#7 /home/itmanage/ITManage/webroot/framework/base/CApplication.php(185): CConsoleApplication->processRequest()
#8 /home/itmanage/ITManage/webroot/framework/yiic.php(33): CApplication->run()
#9 /home/itmanage/ITManage/webroot/manage/protected/yiic.php(7): require_once('/home/itmanage/...')
#10 {main}
2017/03/24 08:31:51 [error] [system.db.CDbCommand] CDbCommand::fetchAll() failed: SQLSTATE[21000]: Cardinality violation: 1241 Operand should contain 1 column(s). The SQL statement executed was: SELECT tbUser.fdAccount  FROM wsqITManage.tbUser 
            WHERE tbUser.id in (SELECT fdManager,fdTester,fdDeveloper FROM wsqITManage.tbDuty WHERE tbDuty.id = :id).
2017/03/24 08:31:51 [error] [system.console] [群发任务邮件报错]：CDbException: CDbCommand failed to execute the SQL statement: SQLSTATE[21000]: Cardinality violation: 1241 Operand should contain 1 column(s). The SQL statement executed was: SELECT tbUser.fdAccount  FROM wsqITManage.tbUser 
            WHERE tbUser.id in (SELECT fdManager,fdTester,fdDeveloper FROM wsqITManage.tbDuty WHERE tbDuty.id = :id) in /home/itmanage/ITManage/webroot/framework/db/CDbCommand.php:543
Stack trace:
#0 /home/itmanage/ITManage/webroot/framework/db/CDbCommand.php(396): CDbCommand->queryInternal('fetchAll', Array, Array)
#1 /home/itmanage/ITManage/webroot/manage/protected/commands/SendEmailCommand.php(39): CDbCommand->queryAll(true, Array)
#2 /home/itmanage/ITManage/webroot/manage/protected/commands/SendEmailCommand.php(64): SendEmailCommand->dutyBatch('3')
#3 [internal function]: SendEmailCommand->actionCheckDuty()
#4 /home/itmanage/ITManage/webroot/framework/console/CConsoleCommand.php(172): ReflectionMethod->invokeArgs(Object(SendEmailCommand), Array)
#5 /home/itmanage/ITManage/webroot/framework/console/CConsoleCommandRunner.php(71): CConsoleCommand->run(Array)
#6 /home/itmanage/ITManage/webroot/framework/console/CConsoleApplication.php(92): CConsoleCommandRunner->run(Array)
#7 /home/itmanage/ITManage/webroot/framework/base/CApplication.php(185): CConsoleApplication->processRequest()
#8 /home/itmanage/ITManage/webroot/framework/yiic.php(33): CApplication->run()
#9 /home/itmanage/ITManage/webroot/manage/protected/yiic.php(7): require_once('/home/itmanage/...')
#10 {main}
2017/03/24 08:36:34 [error] [php] Array to string conversion (/home/itmanage/ITManage/webroot/manage/protected/commands/SendEmailCommand.php:38)
Stack trace:
#0 unknown(0): SendEmailCommand->actionCheckDuty()
#1 /home/itmanage/ITManage/webroot/framework/console/CConsoleCommand.php(172): ReflectionMethod->invokeArgs()
#2 /home/itmanage/ITManage/webroot/framework/console/CConsoleCommandRunner.php(71): SendEmailCommand->run()
#3 /home/itmanage/ITManage/webroot/framework/console/CConsoleApplication.php(92): CConsoleCommandRunner->run()
#4 /home/itmanage/ITManage/webroot/framework/base/CApplication.php(185): CConsoleApplication->processRequest()
#5 /home/itmanage/ITManage/webroot/framework/yiic.php(33): CConsoleApplication->run()
#6 /home/itmanage/ITManage/webroot/manage/protected/yiic.php(7): require_once()

2017/03/24 08:37:44 [error] [php] Array to string conversion (/home/itmanage/ITManage/webroot/manage/protected/commands/SendEmailCommand.php:38)
Stack trace:
#0 unknown(0): SendEmailCommand->actionCheckDuty()
#1 /home/itmanage/ITManage/webroot/framework/console/CConsoleCommand.php(172): ReflectionMethod->invokeArgs()
#2 /home/itmanage/ITManage/webroot/framework/console/CConsoleCommandRunner.php(71): SendEmailCommand->run()
#3 /home/itmanage/ITManage/webroot/framework/console/CConsoleApplication.php(92): CConsoleCommandRunner->run()
#4 /home/itmanage/ITManage/webroot/framework/base/CApplication.php(185): CConsoleApplication->processRequest()
#5 /home/itmanage/ITManage/webroot/framework/yiic.php(33): CConsoleApplication->run()
#6 /home/itmanage/ITManage/webroot/manage/protected/yiic.php(7): require_once()

2017/03/24 08:45:22 [error] [php] Undefined index: fdName (/home/itmanage/ITManage/webroot/manage/protected/commands/SendEmailCommand.php:49)
Stack trace:
#0 /home/itmanage/ITManage/webroot/framework/console/CConsoleCommand.php(172): ReflectionMethod->invokeArgs()
#1 /home/itmanage/ITManage/webroot/framework/console/CConsoleCommandRunner.php(71): SendEmailCommand->run()
#2 /home/itmanage/ITManage/webroot/framework/console/CConsoleApplication.php(92): CConsoleCommandRunner->run()
#3 /home/itmanage/ITManage/webroot/framework/base/CApplication.php(185): CConsoleApplication->processRequest()
#4 /home/itmanage/ITManage/webroot/framework/yiic.php(33): CConsoleApplication->run()
#5 /home/itmanage/ITManage/webroot/manage/protected/yiic.php(7): require_once()

2017/03/24 08:48:05 [error] [php] Undefined index: HTTP_HOST (/home/itmanage/ITManage/webroot/manage/protected/commands/SendEmailCommand.php:2)
Stack trace:
#0 /home/itmanage/ITManage/webroot/framework/console/CConsoleApplication.php(92): CConsoleCommandRunner->run()
#1 /home/itmanage/ITManage/webroot/framework/base/CApplication.php(185): CConsoleApplication->processRequest()
#2 /home/itmanage/ITManage/webroot/framework/yiic.php(33): CConsoleApplication->run()
#3 /home/itmanage/ITManage/webroot/manage/protected/yiic.php(7): require_once()

2017/03/24 09:16:12 [error] [system.console] [群发公告邮件测试]：2075001987@qq.com
2017/03/24 09:16:12 [error] [system.console] [群发公告邮件测试]：969610165@qq.com
2017/03/24 09:16:12 [error] [system.console] [群发公告邮件测试]：demo-1@qq.com
2017/03/24 09:16:12 [error] [system.console] [群发公告邮件测试]：guangcaida1302@163.com
2017/03/24 09:16:12 [error] [system.console] [群发公告邮件测试]：guangcaida13@163.com
2017/03/24 09:27:16 [error] [system.console] [群发公告邮件测试]：2075001987@qq.com
2017/03/24 09:27:16 [error] [system.console] [群发公告邮件测试]：969610165@qq.com
2017/03/24 09:27:16 [error] [system.console] [群发公告邮件测试]：demo-1@qq.com
2017/03/24 09:27:16 [error] [system.console] [群发公告邮件测试]：guangcaida1302@163.com
2017/03/24 09:27:16 [error] [system.console] [群发公告邮件测试]：guangcaida13@163.com
2017/03/24 09:42:56 [error] [system.db.CDbCommand] CDbCommand::fetchAll() failed: SQLSTATE[HY093]: Invalid parameter number: no parameters were bound. The SQL statement executed was: SELECT id, fdName, fdDesc, fdMarkdown FROM wsqITManage.tbAnnouncement WHERE id = :id AND fdBatch = 1 AND fdSent = 0.
2017/03/24 09:42:56 [error] [system.console] [群发公告邮件报错]：CDbException: CDbCommand failed to execute the SQL statement: SQLSTATE[HY093]: Invalid parameter number: no parameters were bound. The SQL statement executed was: SELECT id, fdName, fdDesc, fdMarkdown FROM wsqITManage.tbAnnouncement WHERE id = :id AND fdBatch = 1 AND fdSent = 0 in /home/itmanage/ITManage/webroot/framework/db/CDbCommand.php:543
Stack trace:
#0 /home/itmanage/ITManage/webroot/framework/db/CDbCommand.php(396): CDbCommand->queryInternal('fetchAll', Array, Array)
#1 /home/itmanage/ITManage/webroot/manage/protected/commands/SendEmailCommand.php(9): CDbCommand->queryAll()
#2 [internal function]: SendEmailCommand->actionAnnouncementBatch()
#3 /home/itmanage/ITManage/webroot/framework/console/CConsoleCommand.php(172): ReflectionMethod->invokeArgs(Object(SendEmailCommand), Array)
#4 /home/itmanage/ITManage/webroot/framework/console/CConsoleCommandRunner.php(71): CConsoleCommand->run(Array)
#5 /home/itmanage/ITManage/webroot/framework/console/CConsoleApplication.php(92): CConsoleCommandRunner->run(Array)
#6 /home/itmanage/ITManage/webroot/framework/base/CApplication.php(185): CConsoleApplication->processRequest()
#7 /home/itmanage/ITManage/webroot/framework/yiic.php(33): CApplication->run()
#8 /home/itmanage/ITManage/webroot/manage/protected/yiic.php(7): require_once('/home/itmanage/...')
#9 {main}
2017/03/24 09:43:58 [error] [system.console] [群发公告邮件测试]：2075001987@qq.com
2017/03/24 09:43:58 [error] [system.console] [群发公告邮件测试]：969610165@qq.com
2017/03/24 09:43:58 [error] [system.console] [群发公告邮件测试]：demo-1@qq.com
2017/03/24 09:43:58 [error] [system.console] [群发公告邮件测试]：guangcaida1302@163.com
2017/03/24 09:43:58 [error] [system.console] [群发公告邮件测试]：guangcaida13@163.com
2017/03/24 11:56:23 [error] [system.console] [群发公告邮件测试]：2075001987@qq.com
2017/03/24 11:56:23 [error] [system.console] [群发公告邮件测试]：969610165@qq.com
2017/03/24 11:56:23 [error] [system.console] [群发公告邮件测试]：demo-1@qq.com
2017/03/24 11:56:23 [error] [system.console] [群发公告邮件测试]：guangcaida1302@163.com
2017/03/24 11:56:23 [error] [system.console] [群发公告邮件测试]：guangcaida13@163.com
2017/03/24 11:58:08 [error] [system.console] [群发公告邮件测试]：2075001987@qq.com
2017/03/24 11:58:08 [error] [system.console] [群发公告邮件测试]：969610165@qq.com
2017/03/24 11:58:08 [error] [system.console] [群发公告邮件测试]：demo-1@qq.com
2017/03/24 11:58:08 [error] [system.console] [群发公告邮件测试]：guangcaida1302@163.com
2017/03/24 11:58:08 [error] [system.console] [群发公告邮件测试]：guangcaida13@163.com
2017/03/24 12:03:01 [error] [system.console] [群发公告邮件测试]：2075001987@qq.com
2017/03/24 12:03:01 [error] [system.console] [群发公告邮件测试]：969610165@qq.com
2017/03/24 12:03:01 [error] [system.console] [群发公告邮件测试]：demo-1@qq.com
2017/03/24 12:03:01 [error] [system.console] [群发公告邮件测试]：guangcaida1302@163.com
2017/03/24 12:03:01 [error] [system.console] [群发公告邮件测试]：guangcaida13@163.com
2017/03/24 12:04:01 [error] [system.console] [群发公告邮件测试]：2075001987@qq.com
2017/03/24 12:04:01 [error] [system.console] [群发公告邮件测试]：969610165@qq.com
2017/03/24 12:04:01 [error] [system.console] [群发公告邮件测试]：demo-1@qq.com
2017/03/24 12:04:01 [error] [system.console] [群发公告邮件测试]：guangcaida1302@163.com
2017/03/24 12:04:01 [error] [system.console] [群发公告邮件测试]：guangcaida13@163.com
2017/03/24 12:05:01 [error] [system.console] [群发公告邮件测试]：2075001987@qq.com
2017/03/24 12:05:01 [error] [system.console] [群发公告邮件测试]：969610165@qq.com
2017/03/24 12:05:01 [error] [system.console] [群发公告邮件测试]：demo-1@qq.com
2017/03/24 12:05:01 [error] [system.console] [群发公告邮件测试]：guangcaida1302@163.com
2017/03/24 12:05:01 [error] [system.console] [群发公告邮件测试]：guangcaida13@163.com
2017/03/24 12:06:01 [error] [system.console] [群发公告邮件测试]：2075001987@qq.com
2017/03/24 12:06:01 [error] [system.console] [群发公告邮件测试]：969610165@qq.com
2017/03/24 12:06:01 [error] [system.console] [群发公告邮件测试]：demo-1@qq.com
2017/03/24 12:06:01 [error] [system.console] [群发公告邮件测试]：guangcaida1302@163.com
2017/03/24 12:06:01 [error] [system.console] [群发公告邮件测试]：guangcaida13@163.com
2017/03/24 12:09:56 [error] [system.console] [群发公告邮件测试]：2075001987@qq.com
2017/03/24 12:09:56 [error] [system.console] [群发公告邮件测试]：969610165@qq.com
2017/03/24 12:09:56 [error] [system.console] [群发公告邮件测试]：demo-1@qq.com
2017/03/24 12:09:56 [error] [system.console] [群发公告邮件测试]：guangcaida1302@163.com
2017/03/24 12:09:56 [error] [system.console] [群发公告邮件测试]：guangcaida13@163.com
2017/03/24 12:10:06 [error] [system.console] [群发公告邮件测试]：2075001987@qq.com
2017/03/24 12:10:06 [error] [system.console] [群发公告邮件测试]：969610165@qq.com
2017/03/24 12:10:06 [error] [system.console] [群发公告邮件测试]：demo-1@qq.com
2017/03/24 12:10:06 [error] [system.console] [群发公告邮件测试]：guangcaida1302@163.com
2017/03/24 12:10:06 [error] [system.console] [群发公告邮件测试]：guangcaida13@163.com
2017/03/24 12:14:03 [error] [system.console] [群发公告邮件测试]：2075001987@qq.com
2017/03/24 12:14:03 [error] [system.console] [群发公告邮件测试]：969610165@qq.com
2017/03/24 12:14:03 [error] [system.console] [群发公告邮件测试]：demo-1@qq.com
2017/03/24 12:14:03 [error] [system.console] [群发公告邮件测试]：guangcaida1302@163.com
2017/03/24 12:14:03 [error] [system.console] [群发公告邮件测试]：guangcaida13@163.com
2017/03/24 12:17:04 [error] [system.console] [群发公告邮件测试]：
2017/03/24 12:17:04 [error] [system.console] [群发公告邮件测试]：2075001987@qq.com
2017/03/24 12:17:04 [error] [system.console] [群发公告邮件测试]：969610165@qq.com
2017/03/24 12:17:04 [error] [system.console] [群发公告邮件测试]：demo-1@qq.com
2017/03/24 12:17:04 [error] [system.console] [群发公告邮件测试]：guangcaida1302@163.com
2017/03/24 12:17:04 [error] [system.console] [群发公告邮件测试]：guangcaida13@163.com
2017/03/24 12:17:42 [error] [system.console] [群发公告邮件测试]：
2017/03/24 12:17:42 [error] [system.console] [群发公告邮件测试]：2075001987@qq.com
2017/03/24 12:17:42 [error] [system.console] [群发公告邮件测试]：969610165@qq.com
2017/03/24 12:17:42 [error] [system.console] [群发公告邮件测试]：demo-1@qq.com
2017/03/24 12:17:42 [error] [system.console] [群发公告邮件测试]：guangcaida1302@163.com
2017/03/24 12:17:42 [error] [system.console] [群发公告邮件测试]：guangcaida13@163.com
2017/03/24 12:23:05 [error] [system.console] [群发公告邮件测试]：
2017/03/24 12:23:05 [error] [system.console] [群发公告邮件测试]：2075001987@qq.com
2017/03/24 12:23:05 [error] [system.console] [群发公告邮件测试]：969610165@qq.com
2017/03/24 12:23:05 [error] [system.console] [群发公告邮件测试]：demo-1@qq.com
2017/03/24 12:23:05 [error] [system.console] [群发公告邮件测试]：guangcaida1302@163.com
2017/03/24 12:23:05 [error] [system.console] [群发公告邮件测试]：guangcaida13@163.com
2017/03/24 12:23:21 [error] [system.console] [群发公告邮件测试]：
2017/03/24 12:23:21 [error] [system.console] [群发公告邮件测试]：2075001987@qq.com
2017/03/24 12:23:21 [error] [system.console] [群发公告邮件测试]：969610165@qq.com
2017/03/24 12:23:21 [error] [system.console] [群发公告邮件测试]：demo-1@qq.com
2017/03/24 12:23:21 [error] [system.console] [群发公告邮件测试]：guangcaida1302@163.com
2017/03/24 12:23:21 [error] [system.console] [群发公告邮件测试]：guangcaida13@163.com
2017/03/24 12:24:28 [error] [system.console] [群发公告邮件测试]：
2017/03/24 12:24:28 [error] [system.console] [群发公告邮件测试]：2075001987@qq.com
2017/03/24 12:24:28 [error] [system.console] [群发公告邮件测试]：969610165@qq.com
2017/03/24 12:24:28 [error] [system.console] [群发公告邮件测试]：demo-1@qq.com
2017/03/24 12:24:28 [error] [system.console] [群发公告邮件测试]：guangcaida1302@163.com
2017/03/24 12:24:28 [error] [system.console] [群发公告邮件测试]：guangcaida13@163.com
2017/03/24 12:25:02 [error] [system.console] [群发公告邮件测试]：
2017/03/24 12:25:02 [error] [system.console] [群发公告邮件测试]：2075001987@qq.com
2017/03/24 12:25:02 [error] [system.console] [群发公告邮件测试]：969610165@qq.com
2017/03/24 12:25:02 [error] [system.console] [群发公告邮件测试]：demo-1@qq.com
2017/03/24 12:25:02 [error] [system.console] [群发公告邮件测试]：guangcaida1302@163.com
2017/03/24 12:25:02 [error] [system.console] [群发公告邮件测试]：guangcaida13@163.com
2017/03/24 12:28:50 [error] [system.console] [群发公告邮件测试]：
2017/03/24 12:28:50 [error] [system.console] [群发公告邮件测试]：2075001987@qq.com
2017/03/24 12:28:50 [error] [system.console] [群发公告邮件测试]：969610165@qq.com
2017/03/24 12:28:50 [error] [system.console] [群发公告邮件测试]：demo-1@qq.com
2017/03/24 12:28:50 [error] [system.console] [群发公告邮件测试]：guangcaida1302@163.com
2017/03/24 12:28:50 [error] [system.console] [群发公告邮件测试]：guangcaida13@163.com
2017/03/24 12:29:08 [error] [system.console] [群发公告邮件测试]：
2017/03/24 12:29:08 [error] [system.console] [群发公告邮件测试]：2075001987@qq.com
2017/03/24 12:29:08 [error] [system.console] [群发公告邮件测试]：969610165@qq.com
2017/03/24 12:29:08 [error] [system.console] [群发公告邮件测试]：demo-1@qq.com
2017/03/24 12:29:08 [error] [system.console] [群发公告邮件测试]：guangcaida1302@163.com
2017/03/24 12:29:08 [error] [system.console] [群发公告邮件测试]：guangcaida13@163.com
2017/03/24 12:30:21 [error] [system.console] [群发公告邮件测试]：
2017/03/24 12:30:21 [error] [system.console] [群发公告邮件测试]：2075001987@qq.com
2017/03/24 12:30:21 [error] [system.console] [群发公告邮件测试]：969610165@qq.com
2017/03/24 12:30:21 [error] [system.console] [群发公告邮件测试]：demo-1@qq.com
2017/03/24 12:30:21 [error] [system.console] [群发公告邮件测试]：guangcaida1302@163.com
2017/03/24 12:30:21 [error] [system.console] [群发公告邮件测试]：guangcaida13@163.com
2017/03/25 14:15:45 [error] [system.console] [群发公告邮件测试]：
2017/03/25 14:15:45 [error] [system.console] [群发公告邮件测试]：2075001987@qq.com
2017/03/25 14:15:45 [error] [system.console] [群发公告邮件测试]：969610165@qq.com
2017/03/25 14:15:45 [error] [system.console] [群发公告邮件测试]：demo-1@qq.com
2017/03/25 14:15:45 [error] [system.console] [群发公告邮件测试]：guangcaida1302@163.com
2017/03/25 14:15:45 [error] [system.console] [群发公告邮件测试]：guangcaida13@163.com
2017/03/25 14:17:54 [error] [system.console] [群发公告邮件测试]：
2017/03/25 14:17:54 [error] [system.console] [群发公告邮件测试]：2075001987@qq.com
2017/03/25 14:17:54 [error] [system.console] [群发公告邮件测试]：969610165@qq.com
2017/03/25 14:17:54 [error] [system.console] [群发公告邮件测试]：demo-1@qq.com
2017/03/25 14:17:54 [error] [system.console] [群发公告邮件测试]：guangcaida1302@163.com
2017/03/25 14:17:54 [error] [system.console] [群发公告邮件测试]：guangcaida13@163.com
2017/03/25 14:19:22 [error] [system.console] [群发公告邮件测试]：
2017/03/25 14:19:22 [error] [system.console] [群发公告邮件测试]：2075001987@qq.com
2017/03/25 14:19:22 [error] [system.console] [群发公告邮件测试]：969610165@qq.com
2017/03/25 14:19:22 [error] [system.console] [群发公告邮件测试]：demo-1@qq.com
2017/03/25 14:19:22 [error] [system.console] [群发公告邮件测试]：guangcaida1302@163.com
2017/03/25 14:19:22 [error] [system.console] [群发公告邮件测试]：guangcaida13@163.com
2017/03/25 14:22:00 [error] [system.console] [群发公告邮件测试]：
2017/03/25 14:22:00 [error] [system.console] [群发公告邮件测试]：2075001987@qq.com
2017/03/25 14:22:00 [error] [system.console] [群发公告邮件测试]：969610165@qq.com
2017/03/25 14:22:00 [error] [system.console] [群发公告邮件测试]：demo-1@qq.com
2017/03/25 14:22:00 [error] [system.console] [群发公告邮件测试]：guangcaida1302@163.com
2017/03/25 14:22:00 [error] [system.console] [群发公告邮件测试]：guangcaida13@163.com
2017/03/25 14:33:19 [error] [system.console] [群发公告邮件测试]：
2017/03/25 14:33:19 [error] [system.console] [群发公告邮件测试]：2075001987@qq.com
2017/03/25 14:33:19 [error] [system.console] [群发公告邮件测试]：969610165@qq.com
2017/03/25 14:33:19 [error] [system.console] [群发公告邮件测试]：demo-1@qq.com
2017/03/25 14:33:19 [error] [system.console] [群发公告邮件测试]：guangcaida1302@163.com
2017/03/25 14:33:19 [error] [system.console] [群发公告邮件测试]：guangcaida13@163.com
2017/03/25 16:11:18 [error] [system.console] [发送任务邮件报错]：Exception: 参数不是数组类型 in /home/itmanage/ITManage/webroot/manage/protected/commands/SendEmailCommand.php:38
Stack trace:
#0 [internal function]: SendEmailCommand->actionDutyNew('5-3')
#1 /home/itmanage/ITManage/webroot/framework/console/CConsoleCommand.php(172): ReflectionMethod->invokeArgs(Object(SendEmailCommand), Array)
#2 /home/itmanage/ITManage/webroot/framework/console/CConsoleCommandRunner.php(71): CConsoleCommand->run(Array)
#3 /home/itmanage/ITManage/webroot/framework/console/CConsoleApplication.php(92): CConsoleCommandRunner->run(Array)
#4 /home/itmanage/ITManage/webroot/framework/base/CApplication.php(185): CConsoleApplication->processRequest()
#5 /home/itmanage/ITManage/webroot/framework/yiic.php(33): CApplication->run()
#6 /home/itmanage/ITManage/webroot/manage/protected/yiic.php(7): require_once('/home/itmanage/...')
#7 {main}
2017/03/25 16:13:25 [info] [system.console] [发送任务邮件]：5-3
2017/03/25 16:14:24 [info] [system.console] [发送任务邮件]：5-3
2017/03/25 16:14:24 [info] [system.console] [发送任务邮件]：新任务提醒-ceshi 2
2017/03/25 16:23:58 [info] [system.console] [发送任务邮件]：5-2
2017/03/25 16:30:08 [info] [system.console] [发送任务邮件]：5-2
2017/03/25 16:30:42 [info] [system.console] [发送任务邮件]：5-2
2017/03/25 16:35:07 [info] [system.console] [发送任务邮件]：5-3
2017/03/25 16:35:09 [info] [system.console] [发送任务邮件结果]：success
2017/03/25 16:35:21 [info] [system.console] [发送任务邮件]：5-2
2017/03/25 16:35:21 [info] [system.console] [发送任务邮件结果]：success
2017/03/25 16:49:06 [info] [system.console] [发送任务邮件]：5-3
2017/03/25 16:49:36 [info] [system.console] [发送任务邮件]：5-3
2017/03/25 16:51:02 [info] [system.console] [发送任务邮件]：5-4
2017/04/04 16:14:11 [info] [system.console] [发送任务邮件]：5-3
